<?xml version="1.0" encoding="UTF-8"?>
<!-- Generated by org.testng.reporters.JUnitReportReporter -->
<testsuite skipped="0" hostname="DESKTOP-GQGT3HA" name="DriverFactory.TestScript" tests="2" failures="0" timestamp="06 Dec 2019 18:31:10 GMT" time="206.652" errors="0">
  <testcase name="userCreation" time="86.012" classname="DriverFactory.TestScript"/>
  <testcase name="empCreation" time="120.640" classname="DriverFactory.TestScript"/>
</testsuite> <!-- DriverFactory.TestScript -->
