<?xml version="1.0" encoding="UTF-8"?>
<!-- Generated by org.testng.reporters.JUnitReportReporter -->
<testsuite skipped="0" hostname="DESKTOP-GQGT3HA" name="DriverFactory.DataDriven" tests="1" failures="0" timestamp="06 Dec 2019 18:31:10 GMT" time="124.350" errors="0">
  <testcase name="verifyLogin" time="124.350" classname="DriverFactory.DataDriven"/>
</testsuite> <!-- DriverFactory.DataDriven -->
